# JRE version: Java(TM) SE Runtime Environment (8.0_91-b14) (build 1.8.0_91-b14)
# Java VM: Java HotSpot(TM) 64-Bit Server VM (25.91-b14 mixed mode bsd-amd64 compressed oops)
Heap:
 PSYoungGen      total 14336K, used 9087K [0x00000007beb00000, 0x00000007c0000000, 0x00000007c0000000)
  eden space 7168K, 100% used [0x00000007beb00000,0x00000007bf200000,0x00000007bf200000)
  from space 7168K, 26% used [0x00000007bf900000,0x00000007bfadfe48,0x00000007c0000000)
  to   space 7168K, 0% used [0x00000007bf200000,0x00000007bf200000,0x00000007bf900000)
 ParOldGen       total 44032K, used 43981K [0x00000007bc000000, 0x00000007beb00000, 0x00000007beb00000)
  object space 44032K, 99% used [0x00000007bc000000,0x00000007beaf36a0,0x00000007beb00000)
 Metaspace       used 30967K, capacity 31931K, committed 32128K, reserved 1077248K
  class space    used 3868K, capacity 4113K, committed 4224K, reserved 1048576K
GC Heap History (10 events):
Event: 12.952 GC heap before
{Heap before GC invocations=68 (full 48):
 PSYoungGen      total 14336K, used 9087K [0x00000007beb00000, 0x00000007c0000000, 0x00000007c0000000)
  eden space 7168K, 100% used [0x00000007beb00000,0x00000007bf200000,0x00000007bf200000)
  from space 7168K, 26% used [0x00000007bf900000,0x00000007bfadfe48,0x00000007c0000000)
  to   space 7168K, 0% used [0x00000007bf200000,0x00000007bf200000,0x00000007bf900000)
 ParOldGen       total 44032K, used 43977K [0x00000007bc000000, 0x00000007beb00000, 0x00000007beb00000)
  object space 44032K, 99% used [0x00000007bc000000,0x00000007beaf2790,0x00000007beb00000)
 Metaspace       used 30957K, capacity 31931K, committed 32128K, reserved 1077248K
  class space    used 3866K, capacity 4113K, committed 4224K, reserved 1048576K
Event: 13.033 GC heap after
Heap after GC invocations=68 (full 48):
 PSYoungGen      total 14336K, used 9087K [0x00000007beb00000, 0x00000007c0000000, 0x00000007c0000000)
  eden space 7168K, 99% used [0x00000007beb00000,0x00000007bf1ffe50,0x00000007bf200000)
  from space 7168K, 26% used [0x00000007bf900000,0x00000007bfadfe48,0x00000007c0000000)
  to   space 7168K, 0% used [0x00000007bf200000,0x00000007bf200000,0x00000007bf900000)
 ParOldGen       total 44032K, used 43977K [0x00000007bc000000, 0x00000007beb00000, 0x00000007beb00000)
  object space 44032K, 99% used [0x00000007bc000000,0x00000007beaf26f0,0x00000007beb00000)
 Metaspace       used 30957K, capacity 31931K, committed 32128K, reserved 1077248K
  class space    used 3866K, capacity 4113K, committed 4224K, reserved 1048576K
}
Event: 13.034 GC heap before
{Heap before GC invocations=69 (full 49):
 PSYoungGen      total 14336K, used 9087K [0x00000007beb00000, 0x00000007c0000000, 0x00000007c0000000)
  eden space 7168K, 100% used [0x00000007beb00000,0x00000007bf200000,0x00000007bf200000)
  from space 7168K, 26% used [0x00000007bf900000,0x00000007bfadfe48,0x00000007c0000000)
  to   space 7168K, 0% used [0x00000007bf200000,0x00000007bf200000,0x00000007bf900000)
 ParOldGen       total 44032K, used 43977K [0x00000007bc000000, 0x00000007beb00000, 0x00000007beb00000)
  object space 44032K, 99% used [0x00000007bc000000,0x00000007beaf26f0,0x00000007beb00000)
 Metaspace       used 30957K, capacity 31931K, committed 32128K, reserved 1077248K
  class space    used 3866K, capacity 4113K, committed 4224K, reserved 1048576K
Event: 13.136 GC heap after
Heap after GC invocations=69 (full 49):
 PSYoungGen      total 14336K, used 9087K [0x00000007beb00000, 0x00000007c0000000, 0x00000007c0000000)
  eden space 7168K, 99% used [0x00000007beb00000,0x00000007bf1fffd0,0x00000007bf200000)
  from space 7168K, 26% used [0x00000007bf900000,0x00000007bfadfe48,0x00000007c0000000)
  to   space 7168K, 0% used [0x00000007bf200000,0x00000007bf200000,0x00000007bf900000)
 ParOldGen       total 44032K, used 43977K [0x00000007bc000000, 0x00000007beb00000, 0x00000007beb00000)
  object space 44032K, 99% used [0x00000007bc000000,0x00000007beaf26f0,0x00000007beb00000)
 Metaspace       used 30957K, capacity 31931K, committed 32128K, reserved 1077248K
  class space    used 3866K, capacity 4113K, committed 4224K, reserved 1048576K
}
Event: 13.136 GC heap before
{Heap before GC invocations=70 (full 50):
 PSYoungGen      total 14336K, used 9087K [0x00000007beb00000, 0x00000007c0000000, 0x00000007c0000000)
  eden space 7168K, 99% used [0x00000007beb00000,0x00000007bf1ffff8,0x00000007bf200000)
  from space 7168K, 26% used [0x00000007bf900000,0x00000007bfadfe48,0x00000007c0000000)
  to   space 7168K, 0% used [0x00000007bf200000,0x00000007bf200000,0x00000007bf900000)
 ParOldGen       total 44032K, used 43977K [0x00000007bc000000, 0x00000007beb00000, 0x00000007beb00000)
  object space 44032K, 99% used [0x00000007bc000000,0x00000007beaf26f0,0x00000007beb00000)
 Metaspace       used 30957K, capacity 31931K, committed 32128K, reserved 1077248K
  class space    used 3866K, capacity 4113K, committed 4224K, reserved 1048576K
Event: 13.217 GC heap after
Heap after GC invocations=70 (full 50):
 PSYoungGen      total 14336K, used 9087K [0x00000007beb00000, 0x00000007c0000000, 0x00000007c0000000)
  eden space 7168K, 99% used [0x00000007beb00000,0x00000007bf1ffff8,0x00000007bf200000)
  from space 7168K, 26% used [0x00000007bf900000,0x00000007bfadfe48,0x00000007c0000000)
  to   space 7168K, 0% used [0x00000007bf200000,0x00000007bf200000,0x00000007bf900000)
 ParOldGen       total 44032K, used 43977K [0x00000007bc000000, 0x00000007beb00000, 0x00000007beb00000)
  object space 44032K, 99% used [0x00000007bc000000,0x00000007beaf26f0,0x00000007beb00000)
 Metaspace       used 30957K, capacity 31931K, committed 32128K, reserved 1077248K
  class space    used 3866K, capacity 4113K, committed 4224K, reserved 1048576K
}
Event: 13.218 GC heap before
{Heap before GC invocations=71 (full 51):
 PSYoungGen      total 14336K, used 9087K [0x00000007beb00000, 0x00000007c0000000, 0x00000007c0000000)
  eden space 7168K, 99% used [0x00000007beb00000,0x00000007bf1ffff8,0x00000007bf200000)
  from space 7168K, 26% used [0x00000007bf900000,0x00000007bfadfe48,0x00000007c0000000)
  to   space 7168K, 0% used [0x00000007bf200000,0x00000007bf200000,0x00000007bf900000)
 ParOldGen       total 44032K, used 43980K [0x00000007bc000000, 0x00000007beb00000, 0x00000007beb00000)
  object space 44032K, 99% used [0x00000007bc000000,0x00000007beaf30e0,0x00000007beb00000)
 Metaspace       used 30957K, capacity 31931K, committed 32128K, reserved 1077248K
  class space    used 3866K, capacity 4113K, committed 4224K, reserved 1048576K
Event: 13.297 GC heap after
Heap after GC invocations=71 (full 51):
 PSYoungGen      total 14336K, used 9087K [0x00000007beb00000, 0x00000007c0000000, 0x00000007c0000000)
  eden space 7168K, 99% used [0x00000007beb00000,0x00000007bf1ffff8,0x00000007bf200000)
  from space 7168K, 26% used [0x00000007bf900000,0x00000007bfadfe48,0x00000007c0000000)
  to   space 7168K, 0% used [0x00000007bf200000,0x00000007bf200000,0x00000007bf900000)
 ParOldGen       total 44032K, used 43980K [0x00000007bc000000, 0x00000007beb00000, 0x00000007beb00000)
  object space 44032K, 99% used [0x00000007bc000000,0x00000007beaf30c0,0x00000007beb00000)
 Metaspace       used 30957K, capacity 31931K, committed 32128K, reserved 1077248K
  class space    used 3866K, capacity 4113K, committed 4224K, reserved 1048576K
}
Event: 13.299 GC heap before
{Heap before GC invocations=72 (full 52):
 PSYoungGen      total 14336K, used 9087K [0x00000007beb00000, 0x00000007c0000000, 0x00000007c0000000)
  eden space 7168K, 99% used [0x00000007beb00000,0x00000007bf1ffff8,0x00000007bf200000)
  from space 7168K, 26% used [0x00000007bf900000,0x00000007bfadfe48,0x00000007c0000000)
  to   space 7168K, 0% used [0x00000007bf200000,0x00000007bf200000,0x00000007bf900000)
 ParOldGen       total 44032K, used 43983K [0x00000007bc000000, 0x00000007beb00000, 0x00000007beb00000)
  object space 44032K, 99% used [0x00000007bc000000,0x00000007beaf3d50,0x00000007beb00000)
 Metaspace       used 30965K, capacity 31931K, committed 32128K, reserved 1077248K
  class space    used 3868K, capacity 4113K, committed 4224K, reserved 1048576K
Event: 13.402 GC heap after
Heap after GC invocations=72 (full 52):
 PSYoungGen      total 14336K, used 9087K [0x00000007beb00000, 0x00000007c0000000, 0x00000007c0000000)
  eden space 7168K, 99% used [0x00000007beb00000,0x00000007bf1fffe8,0x00000007bf200000)
  from space 7168K, 26% used [0x00000007bf900000,0x00000007bfadfe48,0x00000007c0000000)
  to   space 7168K, 0% used [0x00000007bf200000,0x00000007bf200000,0x00000007bf900000)
 ParOldGen       total 44032K, used 43980K [0x00000007bc000000, 0x00000007beb00000, 0x00000007beb00000)
  object space 44032K, 99% used [0x00000007bc000000,0x00000007beaf33d8,0x00000007beb00000)
 Metaspace       used 30965K, capacity 31931K, committed 32128K, reserved 1077248K
  class space    used 3868K, capacity 4113K, committed 4224K, reserved 1048576K
}

